reading ibd segments from /fs/cbsubscb09/storage/yilei/simulate/MS_ALL/MS.fin.vcf/pedsim-sib/batch10/MS.FIN.batch10.ibd.gz
A total of 2452794 IBD segments read for 536 individuals.
Among them, 44724 reach chromosome end.
iteration1 done. Diff: inf
iteration2 done. Diff: 214618.89248433863
iteration3 done. Diff: 45142.53609185963
iteration4 done. Diff: 36583.14387906727
iteration5 done. Diff: 19943.188604254392
iteration6 done. Diff: 9622.989118906786
iteration7 done. Diff: 3642.173178170284
iteration8 done. Diff: 467.5658616265282
iteration9 done. Diff: 1043.6012586869183
iteration10 done. Diff: 1645.6868668010575
iteration11 done. Diff: 1808.7572051352472
iteration12 done. Diff: 1732.1225791581674
iteration13 done. Diff: 1538.427627485944
iteration14 done. Diff: 1372.6018985426635
iteration15 done. Diff: 1183.4552026421297
iteration16 done. Diff: 1027.589769988088
iteration17 done. Diff: 892.0548011247884
iteration18 done. Diff: 782.8456035081181
iteration19 done. Diff: 694.2686395790079
iteration20 done. Diff: 601.0519112879992
iteration21 done. Diff: 543.0739810884115
iteration22 done. Diff: 489.336934166844
iteration23 done. Diff: 452.38305020390544
iteration24 done. Diff: 406.93768758210354
iteration25 done. Diff: 381.56952468003146
fitted pop size history: [ 1000.          1000.          1182.10876268  3658.82721713
  7155.18971233 10977.91015804 14734.96694602 18193.04840899
 21211.13192784 23706.89414525 25637.44075775 26988.14605899
 27765.22984852 27991.1491337  27701.09508954 26940.73939343
 25764.12800811 24232.60346858 22413.22360487 20378.25192181
 18203.60382034 15968.22465126 13752.16690995 11634.84471504
  9691.81216149  7990.30712867  6582.58584061  5497.00223505
  4729.13457413  4238.25610478  3956.04959983  3806.08180949
  3723.71137104  3665.56086733  3610.0236614   3550.65207894
  3490.12234067  3433.62119603  3385.93933011  3349.60151882
  3324.91509851  3310.95893758  3305.96419243  3308.4852835
  3317.02493264  3330.74132317  3348.74025285  3370.72276417
  3396.14923698  3424.93648294  3456.61155752  3491.05366702
  3527.84344913  3566.84076805  3607.72853965  3650.41844359
  3694.6540131   3740.39118633  3787.33903099  3835.4798584
  3884.58670581  3934.6452388   3985.47952371  4036.97129177
  4089.07159085  4141.68034381  4194.81294701  4248.28353347
  4302.05695489  4356.00488424  4410.17004113  4464.45671703
  4518.88159375  4573.31443023  4627.77541322  4682.1550673
  4736.47244701  4790.70729293  4844.89326891  4899.03510435
  4953.04192875  5006.84346963  5060.31236723  5113.46394599
  5166.27618923  5218.86206755  5271.17655889  5323.26314512
  5375.00810151  5426.4889552   5477.67857141  5528.63707132
  5579.29060413  5629.62725174  5679.63492332  5729.34162135
  5778.73176673  5827.79238564  5876.48650813  5924.78510241
  5972.63806057  6020.0095525   6066.9565555   6113.53923038
  6159.85358067  6205.87420159  6251.57880531  6296.90039712
  6341.85938056  6386.51557067  6430.95592911  6475.2143896
  6519.25143824  6563.0038885   6606.40924196  6649.41576628
  6691.97623539  6734.05251365  6775.6651927   6816.87629033
  6857.78734248  6898.4836725   6938.97603157  6979.21943168
  7019.12655028  7058.67099269  7097.83727954  7136.61031403
  7174.96490778  7212.91618534  7250.55151372  7287.9420316
  7325.09230486  7361.94282378  7398.44053775  7434.59518599
  7470.43466401  7505.96566804  7541.17029536  7576.04481587
  7610.64785627  7645.04942899  7679.2916628   7713.36636052
  7747.24709815  7780.92847639  7814.44304762  7847.89263941
  7881.45410111  7915.315196    7949.58152926  7984.25556563
  8019.31678476  8054.81413119  8090.81583421  8127.31984659
  8164.21515901  8201.37017615  8238.70405369  8276.13761955
  8313.5055307   8350.55827152  8387.0973121   8423.09432276
  8458.65665092  8493.90078692  8528.87325368  8563.60378184
  8598.17917251  8632.73061728  8667.35896247  8702.09905749
  8736.96151728  8771.96314005  8807.12170746  8842.45824678
  8878.06564665  8914.14685951  8950.94190369  8988.59206362
  9027.10364259  9066.44225801  9106.63696762  9147.76467405
  9189.8788253   9232.96190992  9276.96742513  9321.86449687
  9367.67531722  9414.45122235  9462.22527863  9510.96104862
  9560.56315245  9610.92112412  9661.93434574  9713.48663476
  9765.4442125   9817.67922126  9870.09779943  9922.61563426]
