reading ibd segments from /fs/cbsubscb09/storage/yilei/simulate/MS_ALL/MS.fin.vcf/FIN.MS.unr.str.ibd.gz
A total of 1374456 IBD segments read for 535 individuals.
Among them, 17594 reach chromosome end.
iteration1 done. Diff: inf
iteration2 done. Diff: 64171.15029257581
iteration3 done. Diff: 5464.2137797618925
iteration4 done. Diff: 11903.120133257267
iteration5 done. Diff: 11436.840105132884
iteration6 done. Diff: 8530.51674710885
iteration7 done. Diff: 6202.17045806325
iteration8 done. Diff: 4617.3956047218235
iteration9 done. Diff: 3566.5230554459486
iteration10 done. Diff: 2836.282597346879
iteration11 done. Diff: 2323.4821244798222
iteration12 done. Diff: 1951.4917325465067
iteration13 done. Diff: 1662.9342335941037
iteration14 done. Diff: 1444.7408547708474
iteration15 done. Diff: 1267.979961602905
iteration16 done. Diff: 1129.1293384086457
iteration17 done. Diff: 1011.4503812997136
iteration18 done. Diff: 911.8014117564599
iteration19 done. Diff: 828.5567495577561
iteration20 done. Diff: 755.0376473853539
iteration21 done. Diff: 701.0467823137733
iteration22 done. Diff: 638.3194963650021
iteration23 done. Diff: 594.5560887080646
iteration24 done. Diff: 551.3668225587026
iteration25 done. Diff: 513.0799621276528
iteration26 done. Diff: 478.1930990829278
iteration27 done. Diff: 448.0620507042331
iteration28 done. Diff: 421.1103952581252
iteration29 done. Diff: 394.26636045694613
iteration30 done. Diff: 370.9946190989285
iteration31 done. Diff: 349.3416548723617
iteration32 done. Diff: 330.60609437730454
iteration33 done. Diff: 311.24503543983155
iteration34 done. Diff: 295.0911497280031
iteration35 done. Diff: 281.2699954670534
iteration36 done. Diff: 264.8316102906683
iteration37 done. Diff: 252.11945945716434
iteration38 done. Diff: 240.86672595141135
iteration39 done. Diff: 228.9618606744043
iteration40 done. Diff: 216.83683325588936
iteration41 done. Diff: 208.3799993552093
iteration42 done. Diff: 198.22112959414517
iteration43 done. Diff: 188.13001423002424
iteration44 done. Diff: 181.9274491443939
iteration45 done. Diff: 173.89819344505668
iteration46 done. Diff: 166.15985362966603
iteration47 done. Diff: 159.7134707367586
iteration48 done. Diff: 151.92454634210299
iteration49 done. Diff: 146.17906644196773
iteration50 done. Diff: 141.15705728431203
iteration51 done. Diff: 136.86595115678938
iteration52 done. Diff: 129.82264144634246
iteration53 done. Diff: 123.8577834957614
iteration54 done. Diff: 123.15031415304838
iteration55 done. Diff: 115.05264429589442
iteration56 done. Diff: 111.48817260162468
iteration57 done. Diff: 108.68517303502449
iteration58 done. Diff: 103.20412609577761
iteration59 done. Diff: 100.86661068765534
iteration60 done. Diff: 99.24509495731763
iteration61 done. Diff: 92.87211625794589
iteration62 done. Diff: 93.09047436894616
iteration63 done. Diff: 87.38631661469117
iteration64 done. Diff: 85.91187497892679
iteration65 done. Diff: 82.51441469942802
iteration66 done. Diff: 79.92545690739644
iteration67 done. Diff: 77.13382412242936
iteration68 done. Diff: 76.08936028320022
iteration69 done. Diff: 73.76826769532636
iteration70 done. Diff: 70.65850276198034
iteration71 done. Diff: 69.69172960469587
iteration72 done. Diff: 66.06543934468209
iteration73 done. Diff: 66.6401313403112
iteration74 done. Diff: 64.8575936878915
iteration75 done. Diff: 59.52631500987627
iteration76 done. Diff: 58.25145358960435
iteration77 done. Diff: 60.63876896635338
iteration78 done. Diff: 56.98154649377102
iteration79 done. Diff: 52.59944764155807
iteration80 done. Diff: 53.59270513840602
iteration81 done. Diff: 53.90805995221308
iteration82 done. Diff: 51.464794884828734
iteration83 done. Diff: 48.00500238256063
iteration84 done. Diff: 50.70718704594037
iteration85 done. Diff: 46.730347009463
iteration86 done. Diff: 45.06066131104308
iteration87 done. Diff: 44.049361403602234
iteration88 done. Diff: 45.78107480523613
iteration89 done. Diff: 43.23313106458954
iteration90 done. Diff: 40.8695045933855
iteration91 done. Diff: 42.07563721485349
iteration92 done. Diff: 39.184036874590674
iteration93 done. Diff: 40.26720365155779
iteration94 done. Diff: 38.30626727599156
iteration95 done. Diff: 38.004276897940144
iteration96 done. Diff: 36.99992544497218
iteration97 done. Diff: 35.533309680991806
iteration98 done. Diff: 35.05792681796447
iteration99 done. Diff: 35.3260903464834
iteration100 done. Diff: 33.69075634708133
iteration101 done. Diff: 33.86615214576159
iteration102 done. Diff: 36.07987865512405
iteration103 done. Diff: 27.411424311889277
iteration104 done. Diff: 30.227145140022913
iteration105 done. Diff: 30.710334933697595
iteration106 done. Diff: 29.58531737200974
iteration107 done. Diff: 29.200206045570667
iteration108 done. Diff: 28.90906538247509
iteration109 done. Diff: 29.66035216573073
iteration110 done. Diff: 28.245031391328666
iteration111 done. Diff: 25.93104651804606
iteration112 done. Diff: 26.54653482876165
iteration113 done. Diff: 25.653960872499738
iteration114 done. Diff: 27.220571293983085
iteration115 done. Diff: 25.908234605587495
iteration116 done. Diff: 24.143703873894992
iteration117 done. Diff: 24.066572479066963
iteration118 done. Diff: 24.20246916879114
iteration119 done. Diff: 24.28511220503424
iteration120 done. Diff: 23.156691737640358
iteration121 done. Diff: 22.77939727780904
iteration122 done. Diff: 22.38538597245497
iteration123 done. Diff: 25.71008876707492
iteration124 done. Diff: 19.020668935430876
iteration125 done. Diff: 21.295275355085323
iteration126 done. Diff: 22.511687446203723
iteration127 done. Diff: 19.605699235042266
iteration128 done. Diff: 19.846904652484227
iteration129 done. Diff: 22.478684967463778
iteration130 done. Diff: 22.48890755174216
iteration131 done. Diff: 16.002328025206225
iteration132 done. Diff: 18.331446076233988
iteration133 done. Diff: 20.89439652988949
iteration134 done. Diff: 21.722424838138977
iteration135 done. Diff: 14.780833467797493
iteration136 done. Diff: 19.753461033673375
iteration137 done. Diff: 15.646188181446632
iteration138 done. Diff: 16.884289174508012
iteration139 done. Diff: 20.074847253890766
iteration140 done. Diff: 14.780508771560562
iteration141 done. Diff: 17.079320093740535
iteration142 done. Diff: 16.810676029293973
iteration143 done. Diff: 20.249608195874316
iteration144 done. Diff: 13.222753863294201
iteration145 done. Diff: 15.669990569957008
iteration146 done. Diff: 18.047340464690933
iteration147 done. Diff: 12.608228060576948
iteration148 done. Diff: 18.87551529322809
iteration149 done. Diff: 12.053452752741578
iteration150 done. Diff: 16.919481563534646
iteration151 done. Diff: 13.55998722712684
iteration152 done. Diff: 14.96233117031079
iteration153 done. Diff: 14.792697596079961
iteration154 done. Diff: 14.03974181189551
iteration155 done. Diff: 13.830051905621076
iteration156 done. Diff: 16.31828666751244
iteration157 done. Diff: 16.378819022298558
iteration158 done. Diff: 12.203664495922567
iteration159 done. Diff: 11.404571514554846
iteration160 done. Diff: 16.125123846497445
iteration161 done. Diff: 10.420328663269174
iteration162 done. Diff: 16.33800428779068
iteration163 done. Diff: 14.498141358497378
iteration164 done. Diff: 8.65905718995782
iteration165 done. Diff: 13.614647506474284
iteration166 done. Diff: 9.91846620074648
iteration167 done. Diff: 12.92619682912482
iteration168 done. Diff: 11.585100323631195
iteration169 done. Diff: 14.266046047669079
iteration170 done. Diff: 11.105294613320439
iteration171 done. Diff: 13.447506943703047
iteration172 done. Diff: 11.405467742544715
iteration173 done. Diff: 12.589043292908173
iteration174 done. Diff: 10.211431877141877
iteration175 done. Diff: 8.985872232253314
iteration176 done. Diff: 10.276169216689595
iteration177 done. Diff: 14.341946005559294
iteration178 done. Diff: 9.01242417706817
iteration179 done. Diff: 13.996109526713553
iteration180 done. Diff: 9.08367577214085
iteration181 done. Diff: 9.614015446073608
iteration182 done. Diff: 11.932811522608972
iteration183 done. Diff: 9.929974918457447
iteration184 done. Diff: 11.85833484458999
iteration185 done. Diff: 9.448809819754388
iteration186 done. Diff: 11.467606920559774
iteration187 done. Diff: 7.224256175031769
iteration188 done. Diff: 13.225810893796734
iteration189 done. Diff: 8.356390736094909
iteration190 done. Diff: 9.104987812577747
iteration191 done. Diff: 8.8152971439049
iteration192 done. Diff: 10.227040591496916
iteration193 done. Diff: 9.009174052880553
iteration194 done. Diff: 12.31666913740628
iteration195 done. Diff: 9.628632772095443
iteration196 done. Diff: 8.05796242870565
iteration197 done. Diff: 7.999869319079153
iteration198 done. Diff: 8.830272826970031
iteration199 done. Diff: 8.62969782572327
iteration200 done. Diff: 9.561160197394202
iteration201 done. Diff: 7.76399045742437
iteration202 done. Diff: 11.988915404246654
iteration203 done. Diff: 6.779990059272677
iteration204 done. Diff: 8.872904211471905
iteration205 done. Diff: 8.379058377802721
iteration206 done. Diff: 8.341986639636161
iteration207 done. Diff: 8.734481563078589
iteration208 done. Diff: 8.524615090340376
iteration209 done. Diff: 8.098241006067838
iteration210 done. Diff: 7.9519620965002105
iteration211 done. Diff: 9.67013993661385
iteration212 done. Diff: 6.36844502389431
iteration213 done. Diff: 7.608810835175973
iteration214 done. Diff: 8.475281454819196
iteration215 done. Diff: 7.904358654981479
iteration216 done. Diff: 7.9524002921025385
iteration217 done. Diff: 9.699871092707326
iteration218 done. Diff: 7.835157265159069
iteration219 done. Diff: 5.231767147633946
iteration220 done. Diff: 9.779458847478963
iteration221 done. Diff: 9.449333204436698
iteration222 done. Diff: 7.64537862346333
iteration223 done. Diff: 5.773155292750744
iteration224 done. Diff: 5.699440974938625
iteration225 done. Diff: 6.920939691364765
iteration226 done. Diff: 9.165203038719483
iteration227 done. Diff: 7.807214876971557
iteration228 done. Diff: 6.9345068606198765
iteration229 done. Diff: 5.0247774378658505
iteration230 done. Diff: 6.440440639984445
iteration231 done. Diff: 9.375973402013187
iteration232 done. Diff: 5.826086235894763
iteration233 done. Diff: 8.60076772870525
iteration234 done. Diff: 4.240967683363124
iteration235 done. Diff: 7.101959416242607
iteration236 done. Diff: 6.165298345382325
iteration237 done. Diff: 7.203370645387622
iteration238 done. Diff: 8.193476166765322
iteration239 done. Diff: 5.25845828835736
iteration240 done. Diff: 5.523162909797975
iteration241 done. Diff: 8.726551473300788
iteration242 done. Diff: 6.687630647211336
iteration243 done. Diff: 6.494955080386717
iteration244 done. Diff: 5.242073992900259
iteration245 done. Diff: 5.2754780732575455
iteration246 done. Diff: 8.623645163315814
iteration247 done. Diff: 3.8889637243992183
iteration248 done. Diff: 8.005521514001884
iteration249 done. Diff: 4.541726054783794
iteration250 done. Diff: 5.3595317752915435
fitted pop size history: [255799.37035909 237768.35936013 219793.13874776 201949.54501403
 184323.37817788 167005.848746   150091.08819307 133674.47117915
 117851.29562731 102715.78194488  88360.26061644  74874.35750152
  62344.19248193  50851.58033541  40472.98689817  31278.05319365
  23327.60540546  16670.70358206  11339.70889089   7341.70793846
   4642.80978557   3138.71827104   2610.07103709   2723.31149891
   3156.72921693   3686.91891638   4181.3914778    4570.77632241
   4827.72833146   4952.33227817   4961.86731372   4883.13171238
   4746.3244334    4580.24548441   4408.69284303   4248.46664373
   4108.85084312   3992.77079748   3898.71869314   3823.12697809
   3762.16302602   3712.84750012   3673.45534105   3643.2261093
   3622.14324162   3610.31632381   3607.93774747   3614.94127523
   3631.18103589   3656.33925164   3690.09541448   3732.11155801
   3782.10338472   3839.8318645    3905.10985496   3977.78722178
   4057.73970305   4144.86761618   4239.09824818   4340.3834361
   4448.68360226   4563.95407953   4686.14573397   4815.21852884
   4951.15489573   5093.96254774   5243.65603748   5400.21899632
   5563.58072465   5733.6441846    5910.34202812   6093.64889117
   6283.53875054   6479.97216794   6682.95373408   6892.56448553
   7108.90117121   7332.01748718   7561.94852669   7798.74501133
   8042.47955242   8293.29284142   8551.41718253   8817.04872347
   9090.20749014   9370.8004049    9658.75297934   9953.99330678
  10256.40876771  10565.90381926  10882.39110392  11205.66484575
  11535.38026489  11871.16116406  12212.62405723  12559.32937265
  12910.80510631  13266.56536305  13626.03857424  13988.55617633
  14353.46357053  14720.16515811  15088.04267782  15456.42541118
  15824.66461117  16192.16411193  16558.33716266  16922.61222324
  17284.49121637  17643.54636719  17999.36077934  18351.50844589
  18699.56656267  19043.1093817   19381.72061234  19715.03580572
  20042.73241937  20364.47067669  20679.89662397  20988.70400119
  21290.64174277  21585.46923769  21872.95467892  22152.91485543
  22425.22392407  22689.78325771  22946.49977674  23195.29764237
  23436.13488605  23668.97742302  23893.75773631  24110.41026491
  24318.96147219  24519.52641574  24712.20224903  24897.03992656
  25074.1460234   25243.72675069  25405.98082062  25561.02699804
  25709.01713754  25850.2699772   25985.20104326  26114.14468957
  26237.32631091  26354.96940785  26467.31650419  26574.56058171
  26676.86080094  26774.40945001  26867.38795874  26955.88269291
  27039.9383627   27119.67600333  27195.28793944  27266.94907094
  27334.80910514  27399.06488901  27459.98958468  27517.88281628
  27573.00921499  27625.58320355  27675.79669166  27723.84913852
  27769.95161232  27814.31162358  27857.11134361  27898.47868071
  27938.46782485  27977.08569334  28014.36139741  28050.39385855
  28085.32689872  28119.29475101  28152.42545543  28184.89786665
  28216.94387892  28248.75372513  28280.3970107   28311.85800564
  28343.11531904  28374.15845337  28404.9721941   28435.5659028
  28466.0098011   28496.40741787  28526.84739334  28557.40743284
  28588.16998652  28619.18326359  28650.42189571  28681.83200718
  28713.40783079  28745.1835628   28777.15441232  28809.24524447
  28841.36286513  28873.45477215  28905.51738022  28937.57018619]
